[2024-12-22T18:49:27.111+0000] {manager.py:483} INFO - Processing files using up to 2 processes at a time 
[2024-12-22T18:49:27.118+0000] {manager.py:484} INFO - Process each file at most once every 30 seconds
[2024-12-22T18:49:27.121+0000] {manager.py:486} INFO - Checking for new files in /opt/airflow/dags every 100 seconds
[2024-12-22T18:49:27.124+0000] {manager.py:724} INFO - Searching for files in /opt/airflow/dags
[2024-12-22T18:49:27.186+0000] {manager.py:727} INFO - There are 0 files in /opt/airflow/dags
[2024-12-22T18:51:07.748+0000] {manager.py:724} INFO - Searching for files in /opt/airflow/dags
[2024-12-22T18:51:07.753+0000] {manager.py:727} INFO - There are 0 files in /opt/airflow/dags
[2024-12-22T18:51:46.861+0000] {manager.py:465} INFO - Exiting gracefully upon receiving signal 15
[2024-12-28T19:42:53.586+0000] {manager.py:483} INFO - Processing files using up to 2 processes at a time 
[2024-12-28T19:42:53.589+0000] {manager.py:484} INFO - Process each file at most once every 30 seconds
[2024-12-28T19:42:53.589+0000] {manager.py:486} INFO - Checking for new files in /opt/airflow/dags every 100 seconds
[2024-12-28T19:42:53.590+0000] {manager.py:724} INFO - Searching for files in /opt/airflow/dags
[2024-12-28T19:42:53.591+0000] {manager.py:727} INFO - There are 0 files in /opt/airflow/dags
[2024-12-28T19:43:13.130+0000] {manager.py:465} INFO - Exiting gracefully upon receiving signal 15
[2025-01-01T18:21:04.953+0000] {manager.py:483} INFO - Processing files using up to 2 processes at a time 
[2025-01-01T18:21:04.969+0000] {manager.py:484} INFO - Process each file at most once every 30 seconds
[2025-01-01T18:21:04.970+0000] {manager.py:486} INFO - Checking for new files in /opt/airflow/dags every 100 seconds
[2025-01-01T18:21:04.970+0000] {manager.py:724} INFO - Searching for files in /opt/airflow/dags
[2025-01-01T18:21:04.974+0000] {manager.py:727} INFO - There are 0 files in /opt/airflow/dags
[2025-01-01T18:21:09.575+0000] {manager.py:465} INFO - Exiting gracefully upon receiving signal 15
